2025-06-26 10:12:06 INFO  BaseClass:28 - Go to Home page and click on the login button
2025-06-26 10:12:06 INFO  BaseClass:39 - User is clicking on the Login button
2025-06-26 10:12:07 INFO  BaseClass:51 - User has entered the user name and password
2025-06-26 10:12:07 INFO  BaseClass:59 - User is has clicked on the Login button
2025-06-26 10:12:08 INFO  BaseClass:71 - Script has validated the My Account Login Test 
2025-06-26 11:51:22 INFO  BaseClass:28 - Go to Home page and click on the login button
2025-06-26 11:51:23 INFO  BaseClass:39 - User is clicking on the Login button
2025-06-26 11:51:37 INFO  BaseClass:28 - Go to Home page and click on the login button
2025-06-26 11:51:37 INFO  BaseClass:39 - User is clicking on the Login button
2025-06-26 11:51:56 INFO  BaseClass:28 - Go to Home page and click on the login button
2025-06-26 11:51:56 INFO  BaseClass:39 - User is clicking on the Login button
2025-06-26 11:56:07 INFO  BaseClass:28 - Go to Home page and click on the login button
2025-06-26 11:56:08 INFO  BaseClass:39 - User is clicking on the Login button
2025-06-26 11:56:09 INFO  BaseClass:51 - User has entered the user name and password
2025-06-26 11:56:10 INFO  BaseClass:59 - User is has clicked on the Login button
2025-06-26 11:56:10 INFO  BaseClass:71 - Script has validated the My Account Login Test 
2025-06-26 11:56:24 INFO  BaseClass:28 - Go to Home page and click on the login button
2025-06-26 11:56:25 INFO  BaseClass:39 - User is clicking on the Login button
2025-06-26 12:01:02 INFO  BaseClass:28 - Go to Home page and click on the login button
2025-06-26 12:01:02 INFO  BaseClass:39 - User is clicking on the Login button
2025-06-26 12:15:54 INFO  BaseClass:28 - Go to Home page and click on the login button
2025-06-26 12:15:54 INFO  BaseClass:39 - User is clicking on the Login button
2025-06-26 12:15:55 INFO  BaseClass:51 - User has entered the user name and password
2025-06-26 12:15:55 INFO  BaseClass:59 - User is has clicked on the Login button
2025-06-26 12:15:56 INFO  BaseClass:71 - Script has validated the My Account Login Test 
2025-06-26 12:17:39 INFO  BaseClass:28 - Go to Home page and click on the login button
2025-06-26 12:17:40 INFO  BaseClass:39 - User is clicking on the Login button
2025-06-26 12:17:41 INFO  BaseClass:51 - User has entered the user name and password
2025-06-26 12:17:42 INFO  BaseClass:59 - User is has clicked on the Login button
2025-06-26 12:18:07 INFO  BaseClass:28 - Go to Home page and click on the login button
2025-06-26 12:18:07 INFO  BaseClass:39 - User is clicking on the Login button
2025-06-26 12:18:08 INFO  BaseClass:51 - User has entered the user name and password
2025-06-26 12:18:09 INFO  BaseClass:59 - User is has clicked on the Login button
2025-06-26 12:18:32 INFO  BaseClass:28 - Go to Home page and click on the login button
2025-06-26 12:18:32 INFO  BaseClass:39 - User is clicking on the Login button
2025-06-26 12:18:34 INFO  BaseClass:51 - User has entered the user name and password
2025-06-26 12:18:35 INFO  BaseClass:59 - User is has clicked on the Login button
2025-06-26 12:18:57 INFO  BaseClass:28 - Go to Home page and click on the login button
2025-06-26 12:18:58 INFO  BaseClass:39 - User is clicking on the Login button
2025-06-26 12:19:01 INFO  BaseClass:51 - User has entered the user name and password
2025-06-26 12:19:03 INFO  BaseClass:59 - User is has clicked on the Login button
2025-06-26 12:19:03 INFO  BaseClass:71 - Script has validated the My Account Login Test 
2025-06-26 12:28:53 INFO  BaseClass:28 - Go to Home page and click on the login button
2025-06-26 12:28:54 INFO  BaseClass:39 - User is clicking on the Login button
2025-06-26 12:28:55 INFO  BaseClass:51 - User has entered the user name and password
2025-06-26 12:28:55 INFO  BaseClass:59 - User is has clicked on the Login button
2025-06-26 12:29:22 INFO  BaseClass:28 - Go to Home page and click on the login button
2025-06-26 12:29:23 INFO  BaseClass:39 - User is clicking on the Login button
2025-06-26 12:29:24 INFO  BaseClass:51 - User has entered the user name and password
2025-06-26 12:29:25 INFO  BaseClass:59 - User is has clicked on the Login button
2025-06-26 12:29:25 INFO  BaseClass:71 - Script has validated the My Account Login Test 
2025-06-26 14:20:19 INFO  BaseClass:33 - Go to Home page and click on the login button
2025-06-26 14:20:54 INFO  BaseClass:33 - Go to Home page and click on the login button
2025-06-26 14:22:09 INFO  BaseClass:33 - Go to Home page and click on the login button
2025-06-26 14:22:26 INFO  BaseClass:33 - Go to Home page and click on the login button
2025-06-26 14:22:41 INFO  BaseClass:33 - Go to Home page and click on the login button
2025-06-26 14:24:32 INFO  BaseClass:33 - Go to Home page and click on the login button
2025-06-26 14:24:33 INFO  BaseClass:44 - User is clicking on the Login button
2025-06-26 14:24:52 INFO  BaseClass:33 - Go to Home page and click on the login button
2025-06-26 14:24:52 INFO  BaseClass:44 - User is clicking on the Login button
2025-06-26 14:25:14 INFO  BaseClass:33 - Go to Home page and click on the login button
2025-06-26 14:25:15 INFO  BaseClass:44 - User is clicking on the Login button
2025-06-26 14:27:33 INFO  BaseClass:33 - Go to Home page and click on the login button
2025-06-26 14:27:33 INFO  BaseClass:44 - User is clicking on the Login button
2025-06-26 14:27:55 INFO  BaseClass:33 - Go to Home page and click on the login button
2025-06-26 14:27:55 INFO  BaseClass:44 - User is clicking on the Login button
2025-06-26 14:28:16 INFO  BaseClass:33 - Go to Home page and click on the login button
2025-06-26 14:28:16 INFO  BaseClass:44 - User is clicking on the Login button
2025-06-26 14:53:35 INFO  BaseClass:33 - Go to Home page and click on the login button
2025-06-26 14:53:36 INFO  BaseClass:44 - User is clicking on the Login button
2025-06-26 14:53:57 INFO  BaseClass:33 - Go to Home page and click on the login button
2025-06-26 14:53:58 INFO  BaseClass:44 - User is clicking on the Login button
2025-06-26 14:54:22 INFO  BaseClass:33 - Go to Home page and click on the login button
2025-06-26 14:54:23 INFO  BaseClass:44 - User is clicking on the Login button
2025-06-26 21:44:50 INFO  BaseClass:33 - Go to Home page and click on the login button
2025-06-26 21:44:52 INFO  BaseClass:44 - User is clicking on the Login button
2025-06-26 21:44:54 INFO  BaseClass:56 - User has entered the user name and password
2025-06-26 21:44:55 INFO  BaseClass:64 - User is has clicked on the Login button
2025-06-26 21:44:56 INFO  BaseClass:76 - Script has validated the My Account Login Test 
2025-06-26 21:45:16 INFO  BaseClass:33 - Go to Home page and click on the login button
2025-06-26 21:45:17 INFO  BaseClass:44 - User is clicking on the Login button
2025-06-26 21:45:18 INFO  BaseClass:56 - User has entered the user name and password
2025-06-26 21:45:18 INFO  BaseClass:64 - User is has clicked on the Login button
2025-06-26 21:45:45 INFO  BaseClass:33 - Go to Home page and click on the login button
2025-06-26 21:45:45 INFO  BaseClass:44 - User is clicking on the Login button
2025-06-26 21:45:46 INFO  BaseClass:56 - User has entered the user name and password
2025-06-26 21:45:47 INFO  BaseClass:64 - User is has clicked on the Login button
2025-06-26 21:45:48 INFO  BaseClass:76 - Script has validated the My Account Login Test 
2025-06-26 21:57:44 INFO  BaseClass:33 - Go to Home page and click on the login button
2025-06-26 21:57:44 INFO  BaseClass:44 - User is clicking on the Login button
2025-06-26 21:57:46 INFO  BaseClass:56 - User has entered the user name and password
2025-06-26 21:57:47 INFO  BaseClass:64 - User is has clicked on the Login button
2025-06-26 21:57:48 INFO  BaseClass:76 - Script has validated the My Account Login Test 
